0 info it worked if it ends with ok
1 verbose cli [ '/usr/bin/nodejs', '/usr/bin/npm', 'publish' ]
2 info using npm@3.10.3
3 info using node@v6.5.0
4 verbose publish [ '.' ]
5 silly cache add args [ '.', null ]
6 verbose cache add spec .
7 silly cache add parsed spec Result {
7 silly cache add   raw: '.',
7 silly cache add   scope: null,
7 silly cache add   escapedName: null,
7 silly cache add   name: null,
7 silly cache add   rawSpec: '.',
7 silly cache add   spec: '/var/www/html/aromatic',
7 silly cache add   type: 'directory' }
8 verbose addLocalDirectory /home/chubarov/.npm/aromatic/0.0.1/package.tgz not in flight; packing
9 verbose correctMkdir /home/chubarov/.npm correctMkdir not in flight; initializing
10 info lifecycle aromatic@0.0.1~prepublish: aromatic@0.0.1
11 silly lifecycle aromatic@0.0.1~prepublish: no script for prepublish, continuing
12 verbose tar pack [ '/home/chubarov/.npm/aromatic/0.0.1/package.tgz',
12 verbose tar pack   '/var/www/html/aromatic' ]
13 verbose tarball /home/chubarov/.npm/aromatic/0.0.1/package.tgz
14 verbose folder /var/www/html/aromatic
15 verbose addLocalTarball adding from inside cache /home/chubarov/.npm/aromatic/0.0.1/package.tgz
16 verbose correctMkdir /home/chubarov/.npm correctMkdir not in flight; initializing
17 silly cache afterAdd aromatic@0.0.1
18 verbose afterAdd /home/chubarov/.npm/aromatic/0.0.1/package/package.json not in flight; writing
19 verbose correctMkdir /home/chubarov/.npm correctMkdir not in flight; initializing
20 verbose afterAdd /home/chubarov/.npm/aromatic/0.0.1/package/package.json written
21 silly publish { name: 'aromatic',
21 silly publish   version: '0.0.1',
21 silly publish   description: 'Aromatic ## **What is it?** This is templates with elements [mustache](http://mustache.github.io/) and similar to [handlebars](http://handlebarsjs.com/)',
21 silly publish   main: 'src/Aromatic.js',
21 silly publish   scripts: { tsc_amd: 'tsc --module es6 index.ts' },
21 silly publish   dependencies: { typescript: '^1.8.10' },
21 silly publish   author: '',
21 silly publish   license: 'ISC',
21 silly publish   devDependencies:
21 silly publish    { 'babel-core': '^6.21.0',
21 silly publish      'babel-loader': '^6.2.10',
21 silly publish      'babel-preset-es2015': '^6.18.0',
21 silly publish      'ts-loader': '^1.3.3',
21 silly publish      webpack: '^1.14.0' },
21 silly publish   readme: '#\nAromatic\n## **What is it?**\nThis is templates with elements [mustache](http://mustache.github.io/) and similar to [handlebars](http://handlebarsjs.com/)\n\nWritten [Typescript](http://www.typescriptlang.org/) and a little bit rock and roll.\n\nTo use it is quite simple and trivial.\n\n**To communicate you need to remember just two calls**\n\n\n*\n*How to install?**\n```\nnpm install aromatic\n```\n```\n// index.js import Aromatic from \'./src/Aromatic\';\n\nlet node = document.querySelector(\'#test\');\nlet some = { foo : \'light\', foo2 : \'some\' ,\n\ndeep : {\nname : \'Yee\n}\nAromatic.compile(node.innerHTML, some);\n\n// first parameter is your original string\n// second parameter is the object with data\n\n// to get generated html, just call getHtml node.innerHTML = Aromatic.getHtml();\n\n// What to find in html?\n\n// index.html\n<div id="test">\n<div>{{ foo }}</div>\n<div>{{ foo2 }}</div>\n<div>{{ deep.name }}</div>\n</div>\n\n```\n\n\n**Simple expressions in all templates**\n\nExpressions in parentheses correspond to data in the object\n\n\n```\nlet data = {\none : \'one string\',\ntwo : \'two string\'\n}\n// index.html\n<div id="test">\n<div>{{ one }}</div>\n<div>{{ two }}</div>\n</div>\n// after compile\n<div id="test">\n<div>one string</div>\n<div>two string</div>\n</div>\n```\n\n\n_It\'s simple, you write Aromatic inserts_\n\n\n**Sometimes you may have html in data**\n\n**example** :\n\n\n```\nlet data = {\none : \'<p>one string</p>\',\ntwo : \'<h2>two string</h2>\'\n}\n```\nif you want to html escape, it is necessary in the line\n\n```\n<div id="test">\n<div>{{ !!one!! }}</div>\n<div>{{ !!two!! }}</div>\n</div>\n```\n**Loops? No, problem**\n\nLet\'s imagine that we need a loop\n\n\n```\n// data let loop = [\n{ firstname : \'Ilya\',\nlastname : \'Chubarov\'\n},\n{\nfirstname : \'Maria\',\nlastname : \'Ivanova\'\n},\n{\nfirstname : \'Misha\',\nlastname : \'Bootosov\',\nage : 20\n},\n{\nfirstname : \'Misha\',\nlastname : \'Bootosov\',\nage : 20 ,\nchild : {\nname : \'To\'\n}\n}\n];\n\n// index.html\n<div id="test">\n<div class="entry">\n<ul>\n\n\n{{#each loop}}\n<li>\n<p>firstname : {{ firstname }}</p>\n<p>lastname {{ lastname }}<p>\n\n{{#if age}}\n<h1>{{ age }}</h1>\n{{#else}}\n<p>it is unknown how many years</p>\n{{/if}}\n\n{{#if child}}\n<h1>{{ child.name }}</h1>\n{{/if}}\n</li>\n{{/each}}\n</ul>\n</div>\n</div>\n```\n\n**I want to add your filter values**\n\n```\n\nlet data = {\none : \'ONE STRING\',\ntwo : \'two string\'\n}\n\n// html\n<div id="test">\n<div>{{ one | toLowerCase}}</div>\n<div>{{ two }}</div>\n</div>\n\nAromatic.registerFilter(\'toLowerCase\', function(test) {\nreturn test.test.toLowerCase();\n});\n\n// after compile\n<div id="test">\n<div>one string</div>\n<div>two string</div>\n</div>\n\n```\n\n\n\n\n\n\n\n\n\n',
21 silly publish   readmeFilename: 'README.md',
21 silly publish   gitHead: 'd2e848b20365bd13a33a43e3a245bb12d25531c6',
21 silly publish   _id: 'aromatic@0.0.1',
21 silly publish   _shasum: '5af280b76a44b327d770c289970896a08b78126c',
21 silly publish   _from: '.' }
22 verbose getPublishConfig undefined
23 silly mapToRegistry name aromatic
24 silly mapToRegistry using default registry
25 silly mapToRegistry registry https://registry.npmjs.org/
26 silly mapToRegistry data Result {
26 silly mapToRegistry   raw: 'aromatic',
26 silly mapToRegistry   scope: null,
26 silly mapToRegistry   escapedName: 'aromatic',
26 silly mapToRegistry   name: 'aromatic',
26 silly mapToRegistry   rawSpec: '',
26 silly mapToRegistry   spec: 'latest',
26 silly mapToRegistry   type: 'tag' }
27 silly mapToRegistry uri https://registry.npmjs.org/aromatic
28 verbose publish registryBase https://registry.npmjs.org/
29 silly publish uploading /home/chubarov/.npm/aromatic/0.0.1/package.tgz
30 verbose stack Error: auth required for publishing
30 verbose stack     at CachingRegistryClient.publish (/usr/lib/node_modules/npm/node_modules/npm-registry-client/lib/publish.js:30:14)
30 verbose stack     at /usr/lib/node_modules/npm/lib/publish.js:138:14
30 verbose stack     at mapToRegistry (/usr/lib/node_modules/npm/lib/utils/map-to-registry.js:62:3)
30 verbose stack     at publish_ (/usr/lib/node_modules/npm/lib/publish.js:107:3)
30 verbose stack     at Array.<anonymous> (/usr/lib/node_modules/npm/node_modules/slide/lib/bind-actor.js:15:8)
30 verbose stack     at LOOP (/usr/lib/node_modules/npm/node_modules/slide/lib/chain.js:15:14)
30 verbose stack     at LOOP (/usr/lib/node_modules/npm/node_modules/slide/lib/chain.js:14:28)
30 verbose stack     at chain (/usr/lib/node_modules/npm/node_modules/slide/lib/chain.js:20:5)
30 verbose stack     at /usr/lib/node_modules/npm/lib/publish.js:73:5
30 verbose stack     at RES (/usr/lib/node_modules/npm/node_modules/inflight/inflight.js:23:14)
31 verbose cwd /var/www/html/aromatic
32 error Linux 3.13.0-95-generic
33 error argv "/usr/bin/nodejs" "/usr/bin/npm" "publish"
34 error node v6.5.0
35 error npm  v3.10.3
36 error code ENEEDAUTH
37 error need auth auth required for publishing
38 error need auth You need to authorize this machine using `npm adduser`
39 verbose exit [ 1, true ]
